<?xml version="1.0" encoding="UTF-8"?>
<testsuite name="com.example.markr.models.RegisterRequestTest" tests="5" skipped="0" failures="0" errors="0" timestamp="2025-11-15T07:56:45.222Z" hostname="ADITYA" time="0.001">
  <properties/>
  <testcase name="testRegisterRequestCreation" classname="com.example.markr.models.RegisterRequestTest" time="0.0"/>
  <testcase name="testSettersAndGetters" classname="com.example.markr.models.RegisterRequestTest" time="0.0"/>
  <testcase name="testEmptyFields" classname="com.example.markr.models.RegisterRequestTest" time="0.0"/>
  <testcase name="testNullHandling" classname="com.example.markr.models.RegisterRequestTest" time="0.0"/>
  <testcase name="testDefaultConstructor" classname="com.example.markr.models.RegisterRequestTest" time="0.0"/>
  <system-out><![CDATA[]]></system-out>
  <system-err><![CDATA[]]></system-err>
</testsuite>
