<?xml version="1.0" encoding="UTF-8"?>
<testsuite name="com.example.markr.CalendarDayTest" tests="7" skipped="0" failures="0" errors="0" timestamp="2025-11-15T07:56:45.162Z" hostname="ADITYA" time="0.002">
  <properties/>
  <testcase name="testToggleStates" classname="com.example.markr.CalendarDayTest" time="0.001"/>
  <testcase name="testSettersAndGetters" classname="com.example.markr.CalendarDayTest" time="0.0"/>
  <testcase name="testCalendarDayCreation" classname="com.example.markr.CalendarDayTest" time="0.0"/>
  <testcase name="testNotCurrentMonth" classname="com.example.markr.CalendarDayTest" time="0.0"/>
  <testcase name="testAllMonths" classname="com.example.markr.CalendarDayTest" time="0.001"/>
  <testcase name="testBoundaryDayNumbers" classname="com.example.markr.CalendarDayTest" time="0.0"/>
  <testcase name="testMultipleYears" classname="com.example.markr.CalendarDayTest" time="0.0"/>
  <system-out><![CDATA[]]></system-out>
  <system-err><![CDATA[]]></system-err>
</testsuite>
